1618479653100	geckodriver	INFO	Listening on 127.0.0.1:50787
1618479656104	mozrunner::runner	INFO	Running command: "C:\\Program Files\\Mozilla Firefox\\firefox.exe" "--marionette" "-foreground" "-no-remote" "-profile" "C:\\Users\\hp\\AppData\\Local\\Temp\\rust_mozprofile0v2f8n"
console.warn: SearchSettings: "get: No settings file exists, new profile?" (new Error("", "(unknown module)"))
1618479670351	Marionette	INFO	Listening on port 50795
1618479670491	Marionette	WARN	TLS certificate errors will be ignored for this session
1618480021800	Marionette	INFO	Stopped listening on port 50795

###!!! [Child][RunMessage] Error: Channel closing: too late to send/recv, messages will be lost

"--marionette" "-foreground" "-no-remote" "-profile" "C:\\Users\\hp\\AppData\\Local\\Temp\\rust_mozprofile5zZWBZ"
console.warn: SearchSettings: "get: No settings file exists, new profile?" (new Error("", "(unknown module)"))
1618479997172	Marionette	INFO	Listening on port 50921
1618479997460	Marionette	WARN	TLS certificate errors will be ignored for this session
1618480022561	Marionette	INFO	Stopped listening on port 50921

###!!! [Child][RunMessage] Error: Channel closing: too late to send/recv, messages will be lost

"--marionette" "-foreground" "-no-remote" "-profile" "C:\\Users\\hp\\AppData\\Local\\Temp\\rust_mozprofileCevAVl"
console.warn: SearchSettings: "get: No settings file exists, new profile?" (new Error("", "(unknown module)"))
JavaScript error: resource://activity-stream/lib/ActivityStreamPrefs.jsm, line 27: NS_ERROR_ILLEGAL_VALUE: Component returned failure code: 0x80070057 (NS_ERROR_ILLEGAL_VALUE) [nsIPrefBranch.removeObserver]
console.log: "RemoteSettingsWorker error: Error: Can't import when we've started shutting down."
console.error: "Could not load engine google@search.mozilla.org: [Exception... \"AddonManager is not initialized\"  nsresult: \"0xc1f30001 (NS_ERROR_NOT_INITIALIZED)\"  location: \"JS frame :: resource://gre/modules/AddonManager.jsm :: installBuiltinAddon :: line 2550\"  data: no]"
console.error: "Could not load engine amazondotcom@search.mozilla.org: [Exception... \"AddonManager is not initialized\"  nsresult: \"0xc1f30001 (NS_ERROR_NOT_INITIALIZED)\"  location: \"JS frame :: resource://gre/modules/AddonManager.jsm :: installBuiltinAddon :: line 2550\"  data: no]"
console.error: "Could not load engine wikipedia@search.mozilla.org: [Exception... \"AddonManager is not initialized\"  nsresult: \"0xc1f30001 (NS_ERROR_NOT_INITIALIZED)\"  location: \"JS frame :: resource://gre/modules/AddonManager.jsm :: installBuiltinAddon :: line 2550\"  data: no]"
console.error: "Could not load engine bing@search.mozilla.org: [Exception... \"AddonManager is not initialized\"  nsresult: \"0xc1f30001 (NS_ERROR_NOT_INITIALIZED)\"  location: \"JS frame :: resource://gre/modules/AddonManager.jsm :: installBuiltinAddon :: line 2550\"  data: no]"
console.error: "Could not load engine ddg@search.mozilla.org: [Exception... \"AddonManager is not initialized\"  nsresult: \"0xc1f30001 (NS_ERROR_NOT_INITIALIZED)\"  location: \"JS frame :: resource://gre/modules/AddonManager.jsm :: installBuiltinAddon :: line 2550\"  data: no]"
console.warn: SearchService: "_init: abandoning init due to shutting down"
JavaScript error: resource://gre/modules/AsyncShutdown.jsm, line 575: uncaught exception: 2147500036
JavaScript error: resource://gre/modules/AsyncShutdown.jsm, line 575: uncaught exception: 2147500036
JavaScript error: resource://gre/modules/AsyncShutdown.jsm, line 575: uncaught exception: 2147500036
JavaScript error: resource://gre/modules/AsyncShutdown.jsm, line 575: uncaught exception: 2147500036
JavaScript error: resource://gre/modules/AsyncShutdown.jsm, line 575: uncaught exception: 2147500036
console.log: "RemoteSettingsWorker error: Error: Can't import when we've started shutting down."
console.log: "RemoteSettingsWorker error: Error: Can't import when we've started shutting down."
JavaScript error: , line 0: AbortError: A request was aborted, for example through a call to IDBTransaction.abort.

###!!! [Child][RunMessage] Error: Channel closing: too late to send/recv, messages will be lost

JavaScript error: resource://gre/modules/CrashManager.jsm, line 833: NotAllowedError: Shutting down and refusing additional I/O tasks
1618480085469	geckodriver	INFO	Listening on 127.0.0.1:51077
1618480088492	mozrunner::runner	INFO	Running command: "C:\\Program Files\\Mozilla Firefox\\firefox.exe" "--marionette" "-foreground" "-no-remote" "-profile" "C:\\Users\\hp\\AppData\\Local\\Temp\\rust_mozprofilenZTsLv"
console.warn: SearchSettings: "get: No settings file exists, new profile?" (new Error("", "(unknown module)"))
1618480104025	Marionette	INFO	Listening on port 51085
1618480104708	Marionette	WARN	TLS certificate errors will be ignored for this session
JavaScript error: , line 0: NetworkError: A network error occurred.
1618480129626	Marionette	INFO	Stopped listening on port 51085

###!!! [Child][RunMessage] Error: Channel closing: too late to send/recv, messages will be lost

1618503386646	geckodriver	INFO	Listening on 127.0.0.1:51518
1618503389606	mozrunner::runner	INFO	Running command: "C:\\Program Files\\Mozilla Firefox\\firefox.exe" "--marionette" "-foreground" "-no-remote" "-profile" "C:\\Users\\hp\\AppData\\Local\\Temp\\rust_mozprofileQ1cacH"
console.warn: SearchSettings: "get: No settings file exists, new profile?" (new Error("", "(unknown module)"))
1618503403114	Marionette	INFO	Listening on port 51526
console.error: Region.jsm: "Error fetching region" (new Error("TIMEOUT", "resource://gre/modules/Region.jsm", 772))
console.error: Region.jsm: "Failed to fetch region" (new Error("TIMEOUT", "resource://gre/modules/Region.jsm", 419))
1618503403493	Marionette	WARN	TLS certificate errors will be ignored for this session
1618503471415	Marionette	INFO	Stopped listening on port 51526

###!!! [Child][RunMessage] Error: Channel closing: too late to send/recv, messages will be lost

1618517208937	geckodriver	INFO	Listening on 127.0.0.1:52252
1618517211934	mozrunner::runner	INFO	Running command: "C:\\Program Files\\Mozilla Firefox\\firefox.exe" "--marionette" "-foreground" "-no-remote" "-profile" "C:\\Users\\hp\\AppData\\Local\\Temp\\rust_mozprofile6Uoxrh"
console.warn: SearchSettings: "get: No settings file exists, new profile?" (new Error("", "(unknown module)"))
1618517225167	Marionette	INFO	Listening on port 52260
1618517225506	Marionette	WARN	TLS certificate errors will be ignored for this session
1618517252296	Marionette	INFO	Stopped listening on port 52260

###!!! [Child][RunMessage] Error: Channel closing: too late to send/recv, messages will be lost

1618517757678	geckodriver	INFO	Listening on 127.0.0.1:52364
1618517760679	mozrunner::runner	INFO	Running command: "C:\\Program Files\\Mozilla Firefox\\firefox.exe" "--marionette" "-foreground" "-no-remote" "-profile" "C:\\Users\\hp\\AppData\\Local\\Temp\\rust_mozprofileOhcgfp"
console.warn: SearchSettings: "get: No settings file exists, new profile?" (new Error("", "(unknown module)"))
1618517775783	Marionette	INFO	Listening on port 52372
1618517776541	Marionette	WARN	TLS certificate errors will be ignored for this session
1618517792272	Marionette	INFO	Stopped listening on port 52372

###!!! [Child][RunMessage] Error: Channel closing: too late to send/recv, messages will be lost

1618517794962	geckodriver	INFO	Listening on 127.0.0.1:52465
1618517797965	mozrunner::runner	INFO	Running command: "C:\\Program Files\\Mozilla Firefox\\firefox.exe" "--marionette" "-foreground" "-no-remote" "-profile" "C:\\Users\\hp\\AppData\\Local\\Temp\\rust_mozprofileE7Wj8l"
console.warn: SearchSettings: "get: No settings file exists, new profile?" (new Error("", "(unknown module)"))
1618517811810	Marionette	INFO	Listening on port 52473
1618517812508	Marionette	WARN	TLS certificate errors will be ignored for this session
1618517847057	Marionette	INFO	Stopped listening on port 52473

###!!! [Child][RunMessage] Error: Channel closing: too late to send/recv, messages will be lost

1618517847703	geckodriver	INFO	Listening on 127.0.0.1:52567
1618517850717	mozrunner::runner	INFO	Running command: "C:\\Program Files\\Mozilla Firefox\\firefox.exe" "--marionette" "-foreground" "-no-remote" "-profile" "C:\\Users\\hp\\AppData\\Local\\Temp\\rust_mozprofilefE6e54"
console.warn: SearchSettings: "get: No settings file exists, new profile?" (new Error("", "(unknown module)"))
1618517864814	Marionette	INFO	Listening on port 52577
console.error: Region.jsm: "Error fetching region" (new Error("TIMEOUT", "resource://gre/modules/Region.jsm", 772))
console.error: Region.jsm: "Failed to fetch region" (new Error("TIMEOUT", "resource://gre/modules/Region.jsm", 419))
1618517865582	Marionette	WARN	TLS certificate errors will be ignored for this session
1618517897537	Marionette	INFO	Stopped listening on port 52577

###!!! [Child][RunMessage] Error: Channel closing: too late to send/recv, messages will be lost

1618517959831	geckodriver	INFO	Listening on 127.0.0.1:52685
1618517962862	mozrunner::runner	INFO	Running command: "C:\\Program Files\\Mozilla Firefox\\firefox.exe" "--marionette" "-foreground" "-no-remote" "-profile" "C:\\Users\\hp\\AppData\\Local\\Temp\\rust_mozprofileu19n99"
console.warn: SearchSettings: "get: No settings file exists, new profile?" (new Error("", "(unknown module)"))
1618517976787	Marionette	INFO	Listening on port 52695
1618517977359	Marionette	WARN	TLS certificate errors will be ignored for this session
1618517988310	Marionette	INFO	Stopped listening on port 52695
1618518003853	geckodriver	INFO	Listening on 127.0.0.1:52772
1618518006869	mozrunner::runner	INFO	Running command: "C:\\Program Files\\Mozilla Firefox\\firefox.exe" "--marionette" "-foreground" "-no-remote" "-profile" "C:\\Users\\hp\\AppData\\Local\\Temp\\rust_mozprofiletV3bMa"
console.warn: SearchSettings: "get: No settings file exists, new profile?" (new Error("", "(unknown module)"))
1618518020884	Marionette	INFO	Listening on port 52780
1618518021223	Marionette	WARN	TLS certificate errors will be ignored for this session
1618518032751	Marionette	INFO	Stopped listening on port 52780

###!!! [Child][RunMessage] Error: Channel closing: too late to send/recv, messages will be lost

1618519480211	geckodriver	INFO	Listening on 127.0.0.1:53657
1618519483211	mozrunner::runner	INFO	Running command: "C:\\Program Files\\Mozilla Firefox\\firefox.exe" "--marionette" "-foreground" "-no-remote" "-profile" "C:\\Users\\hp\\AppData\\Local\\Temp\\rust_mozprofileZRvGf6"
console.warn: SearchSettings: "get: No settings file exists, new profile?" (new Error("", "(unknown module)"))
1618519496362	Marionette	INFO	Listening on port 53665
1618519496487	Marionette	WARN	TLS certificate errors will be ignored for this session

###!!! [Child][RunMessage] Error: Channel closing: too late to send/recv, messages will be lost

1618519615118	Marionette	INFO	Stopped listening on port 53665

###!!! [Child][RunMessage] Error: Channel closing: too late to send/recv, messages will be lost

ofileDC7us4"
console.warn: SearchSettings: "get: No settings file exists, new profile?" (new Error("", "(unknown module)"))
1618519625212	Marionette	INFO	Listening on port 53793
1618519625612	Marionette	WARN	TLS certificate errors will be ignored for this session
1618519936495	Marionette	INFO	Stopped listening on port 53793

###!!! [Child][RunMessage] Error: Channel closing: too late to send/recv, messages will be lost

"--marionette" "-foreground" "-no-remote" "-profile" "C:\\Users\\hp\\AppData\\Local\\Temp\\rust_mozprofilepaN1DI"
console.warn: SearchSettings: "get: No settings file exists, new profile?" (new Error("", "(unknown module)"))
1618519949184	Marionette	INFO	Listening on port 53898
1618519949638	Marionette	WARN	TLS certificate errors will be ignored for this session
JavaScript error: resource://gre/modules/CrashManager.jsm, line 833: NotAllowedError: Shutting down and refusing additional I/O tasks
1618519995273	Marionette	INFO	Stopped listening on port 53898

###!!! [Child][RunMessage] Error: Channel closing: too late to send/recv, messages will be lost

1618519997887	geckodriver	INFO	Listening on 127.0.0.1:53979
1618520000923	mozrunner::runner	INFO	Running command: "C:\\Program Files\\Mozilla Firefox\\firefox.exe" "--marionette" "-foreground" "-no-remote" "-profile" "C:\\Users\\hp\\AppData\\Local\\Temp\\rust_mozprofileAWMsD7"
console.warn: SearchSettings: "get: No settings file exists, new profile?" (new Error("", "(unknown module)"))
1618520012708	Marionette	INFO	Listening on port 53987
1618520013098	Marionette	WARN	TLS certificate errors will be ignored for this session
console.error: services.settings: 
  security-state/intermediates Signature failed  Error: Shutdown, aborting read-only worker requests.
console.error: services.settings: 
  Message: Error: Shutdown, aborting read-only worker requests.
  Stack:
    _abortCancelableRequests@resource://services-settings/RemoteSettingsWorker.jsm:143:19
@resource://services-settings/RemoteSettingsWorker.jsm:219:28
trigger@resource://gre/modules/AsyncShutdown.jsm:747:23
_wait@resource://gre/modules/AsyncShutdown.jsm:899:15
wait@resource://gre/modules/AsyncShutdown.jsm:880:34
observe@resource://gre/modules/AsyncShutdown.jsm:557:10

[Parent 5396, IPC I/O Parent] WARNING: file /builds/worker/checkouts/gecko/ipc/chromium/src/base/process_util_win.cc:167
1618520404027	Marionette	INFO	Stopped listening on port 53987

###!!! [Child][RunMessage] Error: Channel closing: too late to send/recv, messages will be lost

1618544397326	geckodriver	INFO	Listening on 127.0.0.1:54937
1618544400276	mozrunner::runner	INFO	Running command: "C:\\Program Files\\Mozilla Firefox\\firefox.exe" "--marionette" "-foreground" "-no-remote" "-profile" "C:\\Users\\hp\\AppData\\Local\\Temp\\rust_mozprofilecYuIpA"
console.warn: SearchSettings: "get: No settings file exists, new profile?" (new Error("", "(unknown module)"))
1618544411999	Marionette	INFO	Listening on port 54945
1618544412577	Marionette	WARN	TLS certificate errors will be ignored for this session
1618544437716	Marionette	WARN	TimedPromise timed out after 500 ms: stacktrace:
TimedPromise/<@chrome://marionette/content/sync.js:231:19
TimedPromise@chrome://marionette/content/sync.js:216:10
interaction.flushEventLoop@chrome://marionette/content/interaction.js:433:10
webdriverClickElement@chrome://marionette/content/interaction.js:179:31
JavaScript error: , line 0: NetworkError: A network error occurred.
1618544506707	Marionette	INFO	Stopped listening on port 54945

###!!! [Child][RunMessage] Error: Channel closing: too late to send/recv, messages will be lost

1618545794092	geckodriver	INFO	Listening on 127.0.0.1:55259
1618545797109	mozrunner::runner	INFO	Running command: "C:\\Program Files\\Mozilla Firefox\\firefox.exe" "--marionette" "-foreground" "-no-remote" "-profile" "C:\\Users\\hp\\AppData\\Local\\Temp\\rust_mozprofilepxMKFM"
console.warn: SearchSettings: "get: No settings file exists, new profile?" (new Error("", "(unknown module)"))
1618545811316	Marionette	INFO	Listening on port 55267
1618545811688	Marionette	WARN	TLS certificate errors will be ignored for this session
JavaScript error: resource://gre/modules/CrashManager.jsm, line 1132: NotAllowedError: Shutting down and refusing additional I/O tasks
1618545857926	Marionette	INFO	Stopped listening on port 55267
